<?xml version="1.0" encoding="UTF-8"?>
<!-- Generated by org.testng.reporters.JUnitReportReporter -->
<testsuite hostname="LAPTOP-5H6EVB33" name="TestPage.HomePageTest" tests="9" failures="0" timestamp="6 Jan 2020 12:51:26 GMT" time="8.805" errors="0">
  <testcase name="verifynewdresses" time="0.059" classname="TestPage.HomePageTest"/>
  <testcase name="verifydresses" time="1.500" classname="TestPage.HomePageTest"/>
  <testcase name="verifywomen" time="2.666" classname="TestPage.HomePageTest"/>
  <testcase name="verifynewwomen" time="0.048" classname="TestPage.HomePageTest"/>
  <testcase name="verifymeadium" time="0.043" classname="TestPage.HomePageTest"/>
  <testcase name="verifytshirts" time="2.698" classname="TestPage.HomePageTest"/>
  <testcase name="verifylarge" time="1.669" classname="TestPage.HomePageTest"/>
  <testcase name="verifysmall" time="0.063" classname="TestPage.HomePageTest"/>
  <testcase name="verifynewTshirts" time="0.059" classname="TestPage.HomePageTest"/>
</testsuite> <!-- TestPage.HomePageTest -->
